<?xml version="1.0" encoding="UTF-8"?>
<!-- Generated by org.testng.reporters.JUnitReportReporter -->
<testsuite hostname="ULTP_107" name="LRS2_0.runTests" tests="1" failures="0" timestamp="20 Aug 2014 13:16:47 GMT" time="48.224" errors="0">
  <testcase name="WEB_1401" time="48.224" classname="LRS2_0.runTests"/>
</testsuite> <!-- LRS2_0.runTests -->
